[debug] [2025-10-20T12:01:27.614Z] ----------------------------------------------------------------------
[debug] [2025-10-20T12:01:27.618Z] Command:       C:\Program Files\nodejs\node.exe C:\Users\DELL\AppData\Roaming\npm\node_modules\firebase-tools\lib\bin\firebase.js init
[debug] [2025-10-20T12:01:27.619Z] CLI Version:   14.20.0
[debug] [2025-10-20T12:01:27.619Z] Platform:      win32
[debug] [2025-10-20T12:01:27.619Z] Node Version:  v22.20.0
[debug] [2025-10-20T12:01:27.619Z] Time:          Mon Oct 20 2025 16:01:27 GMT+0400 (Gulf Standard Time)
[debug] [2025-10-20T12:01:27.620Z] ----------------------------------------------------------------------
[debug] 
[info] 
     ######## #### ########  ######## ########     ###     ######  ########
     ##        ##  ##     ## ##       ##     ##  ##   ##  ##       ##
     ######    ##  ########  ######   ########  #########  ######  ######
     ##        ##  ##    ##  ##       ##     ## ##     ##       ## ##
     ##       #### ##     ## ######## ########  ##     ##  ######  ########

You're about to initialize a Firebase project in this directory:

  C:\Users\DELL\Downloads\cooky_-ai-recipe-assistant

[info] 
=== Project Setup
[info] 
[info] First, let's associate this project directory with a Firebase project.
[info] You can create multiple project aliases by running firebase use --add, 
[info] 
[info] i  If you want to create a project in a Google Cloud organization or folder, please use "firebase projects:create" instead, and return to this command when you've created the project. 
[debug] [2025-10-20T12:01:52.034Z] > command requires scopes: ["email","openid","https://www.googleapis.com/auth/cloudplatformprojects.readonly","https://www.googleapis.com/auth/firebase","https://www.googleapis.com/auth/cloud-platform"]
[debug] [2025-10-20T12:01:52.034Z] > authorizing via signed-in user (adherashwan@gmail.com)
[debug] [2025-10-20T12:03:06.271Z] Checked if tokens are valid: true, expires at: 1760965083716
[debug] [2025-10-20T12:03:06.272Z] Checked if tokens are valid: true, expires at: 1760965083716
[debug] [2025-10-20T12:03:06.274Z] >>> [apiv2][query] POST https://firebase.googleapis.com/v1/projects:checkProjectId [none]
[debug] [2025-10-20T12:03:06.274Z] >>> [apiv2][body] POST https://firebase.googleapis.com/v1/projects:checkProjectId {"proposedId":"cooky-ai-assistant"}
[debug] [2025-10-20T12:03:06.812Z] <<< [apiv2][status] POST https://firebase.googleapis.com/v1/projects:checkProjectId 200
[debug] [2025-10-20T12:03:06.813Z] <<< [apiv2][body] POST https://firebase.googleapis.com/v1/projects:checkProjectId {"projectIdStatus":"PROJECT_ID_AVAILABLE","suggestedProjectId":"cooky-ai-assistant"}
[debug] [2025-10-20T12:03:52.786Z] Checked if tokens are valid: true, expires at: 1760965083716
[debug] [2025-10-20T12:03:52.786Z] Checked if tokens are valid: true, expires at: 1760965083716
[debug] [2025-10-20T12:03:52.786Z] >>> [apiv2][query] POST https://cloudresourcemanager.googleapis.com/v1/projects [none]
[debug] [2025-10-20T12:03:52.787Z] >>> [apiv2][body] POST https://cloudresourcemanager.googleapis.com/v1/projects {"projectId":"cooky-ai-assistant","name":"Cooky AI Recipe Assistant"}
[debug] [2025-10-20T12:03:54.520Z] <<< [apiv2][status] POST https://cloudresourcemanager.googleapis.com/v1/projects 200
[debug] [2025-10-20T12:03:54.520Z] <<< [apiv2][body] POST https://cloudresourcemanager.googleapis.com/v1/projects {"name":"operations/create_project.global.6838668841479051502"}
[debug] [2025-10-20T12:03:54.525Z] Checked if tokens are valid: true, expires at: 1760965083716
[debug] [2025-10-20T12:03:54.526Z] Checked if tokens are valid: true, expires at: 1760965083716
[debug] [2025-10-20T12:03:54.527Z] >>> [apiv2][query] GET https://cloudresourcemanager.googleapis.com/v1/operations/create_project.global.6838668841479051502 [none]
[debug] [2025-10-20T12:03:55.734Z] <<< [apiv2][status] GET https://cloudresourcemanager.googleapis.com/v1/operations/create_project.global.6838668841479051502 200
[debug] [2025-10-20T12:03:55.735Z] <<< [apiv2][body] GET https://cloudresourcemanager.googleapis.com/v1/operations/create_project.global.6838668841479051502 {"name":"operations/create_project.global.6838668841479051502"}
[debug] [2025-10-20T12:03:56.238Z] [Project Creation Poller] Retrying task index 0
[debug] [2025-10-20T12:03:56.239Z] Checked if tokens are valid: true, expires at: 1760965083716
[debug] [2025-10-20T12:03:56.240Z] Checked if tokens are valid: true, expires at: 1760965083716
[debug] [2025-10-20T12:03:56.240Z] >>> [apiv2][query] GET https://cloudresourcemanager.googleapis.com/v1/operations/create_project.global.6838668841479051502 [none]
[debug] [2025-10-20T12:03:56.531Z] <<< [apiv2][status] GET https://cloudresourcemanager.googleapis.com/v1/operations/create_project.global.6838668841479051502 200
[debug] [2025-10-20T12:03:56.532Z] <<< [apiv2][body] GET https://cloudresourcemanager.googleapis.com/v1/operations/create_project.global.6838668841479051502 {"name":"operations/create_project.global.6838668841479051502","metadata":{"@type":"type.googleapis.com/google.cloudresourcemanager.v1.ProjectCreationStatus","ready":true},"done":true,"error":{"code":9,"message":"Callers must accept Terms of Service","details":[{"@type":"type.googleapis.com/google.rpc.PreconditionFailure","violations":[{"type":"TOS","subject":"cloud","description":"Callers must accept Terms of Service"}]}]}}
[debug] [2025-10-20T12:03:56.859Z] FirebaseError: Callers must accept Terms of Service
    at OperationPoller.poll (C:\Users\DELL\AppData\Roaming\npm\node_modules\firebase-tools\lib\operation-poller.js:24:19)
    at process.processTicksAndRejections (node:internal/process/task_queues:105:5)
    at async createCloudProject (C:\Users\DELL\AppData\Roaming\npm\node_modules\firebase-tools\lib\management\projects.js:227:29)
    at async createFirebaseProjectAndLog (C:\Users\DELL\AppData\Roaming\npm\node_modules\firebase-tools\lib\management\projects.js:87:9)
    at async Object.doSetup (C:\Users\DELL\AppData\Roaming\npm\node_modules\firebase-tools\lib\init\features\project.js:65:24)
    at async init (C:\Users\DELL\AppData\Roaming\npm\node_modules\firebase-tools\lib\init\index.js:73:13)
    at async Command.initAction [as actionFn] (C:\Users\DELL\AppData\Roaming\npm\node_modules\firebase-tools\lib\commands\init.js:219:5)
[error] 
[error] Error: Failed to create project. See firebase-debug.log for more info.
